<?xml version="1.0" encoding="UTF-8"?>
<testng-results skipped="0" failed="0" ignored="0" total="1" passed="1">
  <reporter-output>
  </reporter-output>
  <suite name="Default suite" duration-ms="60" started-at="2018-12-03T09:30:32Z" finished-at="2018-12-03T09:30:33Z">
    <groups>
    </groups>
    <test name="Default test" duration-ms="60" started-at="2018-12-03T09:30:32Z" finished-at="2018-12-03T09:30:33Z">
      <class name="com.zomato.tests.Categories">
        <test-method status="PASS" signature="verify()[pri:0, instance:com.zomato.tests.Categories@4520ebad]" name="verify" duration-ms="14" started-at="2018-12-03T09:30:33Z" finished-at="2018-12-03T09:30:33Z">
          <reporter-output>
          </reporter-output>
        </test-method> <!-- verify -->
      </class> <!-- com.zomato.tests.Categories -->
    </test> <!-- Default test -->
  </suite> <!-- Default suite -->
</testng-results>
